*** This is nuXmv 2.0.0 (compiled on Mon Oct 14 18:05:39 2019)
*** Copyright (c) 2014-2019, Fondazione Bruno Kessler
*** For more information on nuXmv see https://nuxmv.fbk.eu
*** or email to <nuxmv@list.fbk.eu>.
*** Please report bugs at https://nuxmv.fbk.eu/bugs
*** (click on "Login Anonymously" to access)
*** Alternatively write to <nuxmv@list.fbk.eu>.

*** This version of nuXmv is linked to NuSMV 2.6.0.
*** For more information on NuSMV see <http://nusmv.fbk.eu>
*** or email to <nusmv-users@list.fbk.eu>.
*** Copyright (C) 2010-2019, Fondazione Bruno Kessler

*** This version of nuXmv is linked to the CUDD library version 2.4.1
*** Copyright (c) 1995-2004, Regents of the University of Colorado

*** This version of nuXmv is linked to the MiniSat SAT solver. 
*** See http://minisat.se/MiniSat.html
*** Copyright (c) 2003-2006, Niklas Een, Niklas Sorensson
*** Copyright (c) 2007-2010, Niklas Sorensson

*** This version of nuXmv is linked to MathSAT
*** Copyright (C) 2009-2019 by Fondazione Bruno Kessler
*** Copyright (C) 2009-2019 by University of Trento and others
*** See http://mathsat.fbk.eu

-- specification !( F SokobanBoard[1][1] = asterisk)  is false
-- as demonstrated by the following execution sequence
Trace Description: LTL Counterexample 
Trace Type: Counterexample 
  -- Loop starts here
  -> State: 1.1 <-
    SokobanBoard[0][0] = hashtag
    SokobanBoard[0][1] = hashtag
    SokobanBoard[0][2] = hashtag
    SokobanBoard[0][3] = hashtag
    SokobanBoard[1][0] = hashtag
    SokobanBoard[1][1] = asterisk
    SokobanBoard[1][2] = asterisk
    SokobanBoard[1][3] = hashtag
    SokobanBoard[2][0] = hashtag
    SokobanBoard[2][1] = dash
    SokobanBoard[2][2] = at
    SokobanBoard[2][3] = hashtag
    SokobanBoard[3][0] = hashtag
    SokobanBoard[3][1] = hashtag
    SokobanBoard[3][2] = hashtag
    SokobanBoard[3][3] = hashtag
    direction = l
  -> State: 1.2 <-
    SokobanBoard[2][1] = at
    SokobanBoard[2][2] = dash
    direction = r
  -> State: 1.3 <-
    SokobanBoard[2][1] = dash
    SokobanBoard[2][2] = at
    direction = l
